<?xml version="1.0" encoding="UTF-8"?>
<Site BuildName="(empty)"
	BuildStamp="20240716-0001-Experimental"
	Name="jake-Precision-7540"
	Generator="ctest-3.22.1"
	CompilerName="/usr/bin/c++"
	CompilerVersion="11.4.0"
	OSName="Linux"
	Hostname="jake-Precision-7540"
	OSRelease="6.5.0-41-generic"
	OSVersion="#41~22.04.2-Ubuntu SMP PREEMPT_DYNAMIC Mon Jun  3 11:32:55 UTC 2"
	OSPlatform="x86_64"
	Is64Bits="1"
	VendorString="GenuineIntel"
	VendorID="Intel Corporation"
	FamilyID="6"
	ModelID="158"
	ProcessorCacheSize="12288"
	NumberOfLogicalCPU="12"
	NumberOfPhysicalCPU="6"
	TotalVirtualMemory="0"
	TotalPhysicalMemory="31838"
	LogicalProcessorsPerPhysical="2"
	ProcessorClockFrequency="4399.93"
	>
	<Testing>
		<StartDateTime>Jul 16 16:13 BST</StartDateTime>
		<StartTestTime>1721142834</StartTestTime>
		<TestList/>
		<EndDateTime>Jul 16 16:13 BST</EndDateTime>
		<EndTestTime>1721142834</EndTestTime>
		<ElapsedMinutes>0</ElapsedMinutes>
	</Testing>
</Site>
